2025-09-15T14:45:00: 
> frontend@0.1.0 dev
> next dev --turbopack

2025-09-15T14:45:01: 2025-09-15T14:45:01: 2025-09-15T14:45:01: 2025-09-15T14:45:01: 
> frontend@0.1.0 dev
> next dev --turbopack

2025-09-15T14:45:01: 2025-09-15T14:45:01: 2025-09-15T14:45:01: 2025-09-15T14:45:01: 
> frontend@0.1.0 dev
> next dev --turbopack

2025-09-15T14:45:02: 2025-09-15T14:45:02: 2025-09-15T14:45:02: 2025-09-15T14:45:02: 
> frontend@0.1.0 dev
> next dev --turbopack

2025-09-15T14:45:02: 2025-09-15T14:45:02: 2025-09-15T14:45:02: 
> frontend@0.1.0 dev
> next dev --turbopack

2025-09-15T14:45:02: 2025-09-15T14:45:02: 2025-09-15T14:45:02: 2025-09-15T14:45:02: 
> frontend@0.1.0 dev
> next dev --turbopack

2025-09-15T14:45:03: 2025-09-15T14:45:03: 2025-09-15T14:45:03: 2025-09-15T14:45:03: 
> frontend@0.1.0 dev
> next dev --turbopack

2025-09-15T14:45:03: 2025-09-15T14:45:03: 2025-09-15T14:45:03: 2025-09-15T14:45:03: 
> frontend@0.1.0 dev
> next dev --turbopack

2025-09-15T14:45:03: 2025-09-15T14:45:03: 2025-09-15T14:45:03: 2025-09-15T14:45:03: 
> frontend@0.1.0 dev
> next dev --turbopack

2025-09-15T14:45:04: 2025-09-15T14:45:04: 2025-09-15T14:45:04: 2025-09-15T14:45:04: 
> frontend@0.1.0 dev
> next dev --turbopack

2025-09-15T14:45:04: 2025-09-15T14:45:04: 2025-09-15T14:45:04: 
> frontend@0.1.0 dev
> next dev --turbopack

2025-09-15T14:45:04: 2025-09-15T14:45:04: 2025-09-15T14:45:04: 2025-09-15T14:45:05: 
> frontend@0.1.0 dev
> next dev --turbopack

2025-09-15T14:45:05: 2025-09-15T14:45:05: 2025-09-15T14:45:05: 2025-09-15T14:45:05: 
> frontend@0.1.0 dev
> next dev --turbopack

2025-09-15T14:45:05: 2025-09-15T14:45:05: 2025-09-15T14:45:05: 2025-09-15T14:45:05: 
> frontend@0.1.0 dev
> next dev --turbopack

2025-09-15T14:45:06: 2025-09-15T14:45:06: 2025-09-15T14:45:06: 2025-09-15T14:45:06: 
> frontend@0.1.0 dev
> next dev --turbopack

2025-09-15T14:45:06: 2025-09-15T14:45:06: 2025-09-15T14:45:06: 
> frontend@0.1.0 dev
> next dev --turbopack

2025-09-15T14:45:06: 2025-09-15T14:45:06: 2025-09-15T14:45:06: 